[
  {
    "action": "Admin logged in",
    "username": "admin",
    "timestamp": "2025-08-19T10:10:11.820Z"
  },
  {
    "action": "Visited Home page",
    "timestamp": "2025-08-19T10:10:11.966Z"
  },
  {
    "action": "Viewed note with ID: 67c92eb1f867be9f7683762b",
    "timestamp": "2025-08-19T10:10:16.485Z"
  },
  {
    "action": "Deleted note with ID: 67c92eb1f867be9f7683762b",
    "timestamp": "2025-08-19T10:10:19.656Z"
  },
  {
    "action": "Visited Home page",
    "timestamp": "2025-08-19T10:10:19.804Z"
  },
  {
    "action": "Visited Home page",
    "timestamp": "2025-08-19T10:10:21.121Z"
  },
  {
    "action": "Visited About Page",
    "username": "admin",
    "timestamp": "2025-08-19T10:10:23.214Z"
  },
  {
    "action": "Accessed new note creation page",
    "timestamp": "2025-08-19T10:10:24.537Z"
  },
  {
    "action": "Visited About Page",
    "username": "admin",
    "timestamp": "2025-08-19T10:10:30.839Z"
  },
  {
    "action": "Visited Home page",
    "timestamp": "2025-08-19T10:10:31.742Z"
  },
  {
    "action": "Visited About Page",
    "username": "admin",
    "timestamp": "2025-08-19T10:11:21.753Z"
  },
  {
    "action": "Accessed new note creation page",
    "timestamp": "2025-08-19T10:11:23.236Z"
  },
  {
    "action": "Created a new note with name: Pema username pema",
    "timestamp": "2025-08-19T10:12:03.641Z"
  },
  {
    "action": "Visited Home page",
    "timestamp": "2025-08-19T10:12:03.789Z"
  }
]