[
  {
    "action": "User logged in",
    "username": "pema",
    "timestamp": "2025-08-19T10:12:29.802Z"
  },
  {
    "action": "Visited User Dashboard",
    "timestamp": "2025-08-19T10:12:29.948Z"
  },
  {
    "action": "Visited Home page",
    "timestamp": "2025-08-19T10:12:33.627Z"
  },
  {
    "action": "Visited Home page",
    "timestamp": "2025-08-19T10:12:36.857Z"
  },
  {
    "action": "Visited About Page",
    "username": "pema",
    "timestamp": "2025-08-19T10:12:37.458Z"
  },
  {
    "action": "Accessed new note creation page",
    "timestamp": "2025-08-19T10:12:38.311Z"
  }
]